Arguments: 
  /usr/local/bin/node /usr/local/Cellar/yarn/1.22.4/libexec/bin/yarn.js add chalk

PATH: 
  /usr/local/bin:/usr/bin:/bin:/usr/sbin:/sbin:/usr/local/share/dotnet:~/.dotnet/tools:/Library/Frameworks/Mono.framework/Versions/Current/Commands:/Applications/Visual Studio Code.app/Contents/Resources/app/bin:/Applications/Visual Studio Code.app/Contents/Resources/app/bin

Yarn version: 
  1.22.4

Node version: 
  12.16.1

Platform: 
  darwin x64

Trace: 
  SyntaxError: /Users/dharmaveerlal/Desktop/Projects/Tutorials/My-Apps/note-app/package.json: Unexpected token } in JSON at position 517
      at JSON.parse (<anonymous>)
      at /usr/local/Cellar/yarn/1.22.4/libexec/lib/cli.js:1625:59
      at Generator.next (<anonymous>)
      at step (/usr/local/Cellar/yarn/1.22.4/libexec/lib/cli.js:310:30)
      at /usr/local/Cellar/yarn/1.22.4/libexec/lib/cli.js:321:13

npm manifest: 
  {
    "name": "note-app",
    "version": "1.0.0",
    "description": "a simple CLI note-app performing load,add,remove,list,read operation",
    "main": "app.js",
    "scripts": {
      "test": "echo \"Error: no test specified\" && exit 1"
    },
    "repository": {
      "type": "git",
      "url": "git+https://github.com/dharmEast/note-app.git"
    },
    "author": "Dharmveer",
    "license": "ISC",
    "bugs": {
      "url": "https://github.com/dharmEast/note-app/issues"
    },
    "homepage": "https://github.com/dharmEast/note-app#readme",
  
  }

yarn manifest: 
  No manifest

Lockfile: 
  No lockfile
